Wed Dec 06 2017 15:09:10 GMT-0600 (CST) GET /about
Wed Dec 06 2017 15:09:23 GMT-0600 (CST) GET /
Wed Dec 06 2017 15:10:12 GMT-0600 (CST) GET /
Wed Dec 06 2017 15:14:39 GMT-0600 (CST) GET /
Wed Dec 06 2017 15:16:16 GMT-0600 (CST) GET /
Wed Dec 06 2017 15:17:41 GMT-0600 (CST) GET /
Wed Dec 06 2017 15:17:46 GMT-0600 (CST) GET /about
Wed Dec 06 2017 15:17:48 GMT-0600 (CST) GET /
Wed Dec 06 2017 15:18:23 GMT-0600 (CST) GET /
Wed Dec 06 2017 15:20:55 GMT-0600 (CST) GET /
Wed Dec 06 2017 15:22:05 GMT-0600 (CST) GET /help.html
Wed Dec 06 2017 15:22:11 GMT-0600 (CST) GET /about
Wed Dec 06 2017 15:22:17 GMT-0600 (CST) GET /
Wed Dec 06 2017 15:23:15 GMT-0600 (CST) GET /
Wed Dec 06 2017 15:31:26 GMT-0600 (CST) GET /
Tue Dec 19 2017 09:51:38 GMT-0600 (CST) GET /
Tue Dec 19 2017 09:51:40 GMT-0600 (CST) GET /about
Tue Dec 19 2017 09:51:41 GMT-0600 (CST) GET /
Wed Dec 20 2017 23:26:23 GMT-0600 (CST) GET /
Wed Dec 20 2017 23:26:26 GMT-0600 (CST) GET /about
Wed Dec 20 2017 23:26:28 GMT-0600 (CST) GET /projects
Wed Dec 20 2017 23:27:16 GMT-0600 (CST) GET /projects
Wed Dec 20 2017 23:27:19 GMT-0600 (CST) GET /about
Wed Dec 20 2017 23:27:21 GMT-0600 (CST) GET /
Tue Apr 03 2018 12:25:18 GMT-0500 (CDT) GET /
Tue Apr 03 2018 12:25:22 GMT-0500 (CDT) GET /favicon.ico
Tue Apr 03 2018 12:26:05 GMT-0500 (CDT) GET /about
Tue Apr 03 2018 12:26:10 GMT-0500 (CDT) GET /projects
Tue Apr 03 2018 12:26:14 GMT-0500 (CDT) GET /about
Tue Apr 03 2018 12:26:44 GMT-0500 (CDT) GET /about
Tue Apr 03 2018 12:27:35 GMT-0500 (CDT) GET /about
Tue Apr 03 2018 12:27:48 GMT-0500 (CDT) GET /test
Tue Apr 03 2018 12:28:40 GMT-0500 (CDT) GET /test
Tue Apr 03 2018 12:28:51 GMT-0500 (CDT) GET /test
Tue Apr 03 2018 12:29:11 GMT-0500 (CDT) GET /omero
Tue Apr 03 2018 12:29:41 GMT-0500 (CDT) GET /omero
Tue Apr 03 2018 12:29:47 GMT-0500 (CDT) GET /omero
Tue Apr 03 2018 12:30:11 GMT-0500 (CDT) GET /omero
Tue Apr 03 2018 12:30:19 GMT-0500 (CDT) GET /omero
Tue Apr 03 2018 12:30:47 GMT-0500 (CDT) GET /omero
Wed Apr 04 2018 02:42:00 GMT-0500 (CDT) GET /
Wed Apr 04 2018 02:42:02 GMT-0500 (CDT) GET /favicon.ico
Wed Apr 04 2018 02:42:10 GMT-0500 (CDT) GET /test
Wed Apr 04 2018 02:42:11 GMT-0500 (CDT) GET /favicon.ico
Wed Apr 04 2018 02:42:29 GMT-0500 (CDT) GET /test
Wed Apr 04 2018 02:42:29 GMT-0500 (CDT) GET /assets/bower_components/bootstrap/dist/css/bootstrap.min.css
Wed Apr 04 2018 02:42:29 GMT-0500 (CDT) GET /assets/bower_components/font-awesome/css/font-awesome.min.css
Wed Apr 04 2018 02:42:29 GMT-0500 (CDT) GET /assets/bower_components/Ionicons/css/ionicons.min.css
Wed Apr 04 2018 02:42:29 GMT-0500 (CDT) GET /assets/dist/css/AdminLTE.min.css
Wed Apr 04 2018 02:42:29 GMT-0500 (CDT) GET /assets/dist/css/skins/skin-yellow.min.css
Wed Apr 04 2018 02:42:29 GMT-0500 (CDT) GET /views/assets/bower_components/jquery/dist/jquery.min.js
Wed Apr 04 2018 02:42:29 GMT-0500 (CDT) GET /views/assets/bower_components/bootstrap/dist/js/bootstrap.min.js
Wed Apr 04 2018 02:42:29 GMT-0500 (CDT) GET /views/assets/dist/js/adminlte.min.js
Wed Apr 04 2018 02:42:29 GMT-0500 (CDT) GET /views/assets/js/scripts.min.js
Wed Apr 04 2018 02:42:29 GMT-0500 (CDT) GET /views/assets/dist/img/user2-160x160.jpg
Wed Apr 04 2018 02:42:30 GMT-0500 (CDT) GET /favicon.ico
Wed Apr 04 2018 02:43:59 GMT-0500 (CDT) GET /test
Wed Apr 04 2018 02:44:00 GMT-0500 (CDT) GET /assets/bower_components/bootstrap/dist/css/bootstrap.min.css
Wed Apr 04 2018 02:44:00 GMT-0500 (CDT) GET /assets/bower_components/font-awesome/css/font-awesome.min.css
Wed Apr 04 2018 02:44:00 GMT-0500 (CDT) GET /assets/bower_components/Ionicons/css/ionicons.min.css
Wed Apr 04 2018 02:44:00 GMT-0500 (CDT) GET /assets/dist/css/AdminLTE.min.css
Wed Apr 04 2018 02:44:00 GMT-0500 (CDT) GET /assets/dist/css/skins/skin-yellow.min.css
Wed Apr 04 2018 02:44:00 GMT-0500 (CDT) GET /views/assets/bower_components/jquery/dist/jquery.min.js
Wed Apr 04 2018 02:44:00 GMT-0500 (CDT) GET /views/assets/bower_components/bootstrap/dist/js/bootstrap.min.js
Wed Apr 04 2018 02:44:00 GMT-0500 (CDT) GET /views/assets/dist/js/adminlte.min.js
Wed Apr 04 2018 02:44:00 GMT-0500 (CDT) GET /views/assets/js/scripts.min.js
Wed Apr 04 2018 02:44:00 GMT-0500 (CDT) GET /views/assets/dist/img/user2-160x160.jpg
Wed Apr 04 2018 02:44:00 GMT-0500 (CDT) GET /views/assets/dist/img/user2-160x160.jpg
Wed Apr 04 2018 02:44:00 GMT-0500 (CDT) GET /assets/bower_components/font-awesome/fonts/fontawesome-webfont.woff2
Wed Apr 04 2018 02:44:01 GMT-0500 (CDT) GET /favicon.ico
Wed Apr 04 2018 02:44:05 GMT-0500 (CDT) GET /favicon.ico
Wed Apr 04 2018 02:44:06 GMT-0500 (CDT) GET /favicon.ico
Wed Apr 04 2018 02:44:06 GMT-0500 (CDT) GET /favicon.ico
Wed Apr 04 2018 02:44:07 GMT-0500 (CDT) GET /favicon.ico
Wed Apr 04 2018 02:44:07 GMT-0500 (CDT) GET /favicon.ico
Wed Apr 04 2018 02:44:08 GMT-0500 (CDT) GET /favicon.ico
Wed Apr 04 2018 02:44:08 GMT-0500 (CDT) GET /favicon.ico
Wed Apr 04 2018 02:44:09 GMT-0500 (CDT) GET /favicon.ico
Wed Apr 04 2018 02:44:10 GMT-0500 (CDT) GET /favicon.ico
Wed Apr 04 2018 02:44:12 GMT-0500 (CDT) GET /favicon.ico
Wed Apr 04 2018 02:44:13 GMT-0500 (CDT) GET /favicon.ico
Wed Apr 04 2018 02:44:13 GMT-0500 (CDT) GET /favicon.ico
Wed Apr 04 2018 02:44:36 GMT-0500 (CDT) GET /test
Wed Apr 04 2018 02:44:36 GMT-0500 (CDT) GET /assets/bower_components/bootstrap/dist/css/bootstrap.min.css
Wed Apr 04 2018 02:44:36 GMT-0500 (CDT) GET /assets/bower_components/font-awesome/css/font-awesome.min.css
Wed Apr 04 2018 02:44:36 GMT-0500 (CDT) GET /assets/bower_components/Ionicons/css/ionicons.min.css
Wed Apr 04 2018 02:44:36 GMT-0500 (CDT) GET /assets/dist/css/AdminLTE.min.css
Wed Apr 04 2018 02:44:36 GMT-0500 (CDT) GET /assets/dist/css/skins/skin-yellow.min.css
Wed Apr 04 2018 02:44:36 GMT-0500 (CDT) GET /views/assets/bower_components/jquery/dist/jquery.min.js
Wed Apr 04 2018 02:44:36 GMT-0500 (CDT) GET /views/assets/bower_components/bootstrap/dist/js/bootstrap.min.js
Wed Apr 04 2018 02:44:36 GMT-0500 (CDT) GET /views/assets/dist/js/adminlte.min.js
Wed Apr 04 2018 02:44:36 GMT-0500 (CDT) GET /views/assets/js/scripts.min.js
Wed Apr 04 2018 02:44:36 GMT-0500 (CDT) GET /views/assets/dist/img/user2-160x160.jpg
Wed Apr 04 2018 02:44:36 GMT-0500 (CDT) GET /views/assets/dist/img/user2-160x160.jpg
Wed Apr 04 2018 02:44:37 GMT-0500 (CDT) GET /assets/bower_components/font-awesome/fonts/fontawesome-webfont.woff2
Wed Apr 04 2018 02:44:38 GMT-0500 (CDT) GET /favicon.ico
Wed Apr 04 2018 02:45:13 GMT-0500 (CDT) GET /test
Wed Apr 04 2018 02:45:13 GMT-0500 (CDT) GET /assets/bower_components/bootstrap/dist/css/bootstrap.min.css
Wed Apr 04 2018 02:45:13 GMT-0500 (CDT) GET /assets/bower_components/font-awesome/css/font-awesome.min.css
Wed Apr 04 2018 02:45:13 GMT-0500 (CDT) GET /assets/bower_components/Ionicons/css/ionicons.min.css
Wed Apr 04 2018 02:45:13 GMT-0500 (CDT) GET /assets/dist/css/AdminLTE.min.css
Wed Apr 04 2018 02:45:13 GMT-0500 (CDT) GET /assets/dist/css/skins/skin-yellow.min.css
Wed Apr 04 2018 02:45:13 GMT-0500 (CDT) GET /assets/bower_components/jquery/dist/jquery.min.js
Wed Apr 04 2018 02:45:13 GMT-0500 (CDT) GET /assets/bower_components/bootstrap/dist/js/bootstrap.min.js
Wed Apr 04 2018 02:45:13 GMT-0500 (CDT) GET /assets/dist/js/adminlte.min.js
Wed Apr 04 2018 02:45:13 GMT-0500 (CDT) GET /assets/js/scripts.min.js
Wed Apr 04 2018 02:45:13 GMT-0500 (CDT) GET /assets/dist/img/user2-160x160.jpg
Wed Apr 04 2018 02:45:14 GMT-0500 (CDT) GET /assets/bower_components/font-awesome/fonts/fontawesome-webfont.woff2
Wed Apr 04 2018 02:45:15 GMT-0500 (CDT) GET /favicon.ico
Wed Apr 04 2018 02:48:03 GMT-0500 (CDT) GET /test
Wed Apr 04 2018 02:48:03 GMT-0500 (CDT) GET /assets/bower_components/bootstrap/dist/css/bootstrap.min.css
Wed Apr 04 2018 02:48:03 GMT-0500 (CDT) GET /assets/bower_components/font-awesome/css/font-awesome.min.css
Wed Apr 04 2018 02:48:03 GMT-0500 (CDT) GET /assets/bower_components/Ionicons/css/ionicons.min.css
Wed Apr 04 2018 02:48:03 GMT-0500 (CDT) GET /assets/dist/css/AdminLTE.min.css
Wed Apr 04 2018 02:48:03 GMT-0500 (CDT) GET /assets/dist/css/skins/skin-yellow.min.css
Wed Apr 04 2018 02:48:03 GMT-0500 (CDT) GET /assets/bower_components/jquery/dist/jquery.min.js
Wed Apr 04 2018 02:48:03 GMT-0500 (CDT) GET /assets/bower_components/bootstrap/dist/js/bootstrap.min.js
Wed Apr 04 2018 02:48:03 GMT-0500 (CDT) GET /assets/dist/js/adminlte.min.js
Wed Apr 04 2018 02:48:03 GMT-0500 (CDT) GET /assets/js/scripts.min.js
Wed Apr 04 2018 02:48:03 GMT-0500 (CDT) GET /assets/dist/img/user2-160x160.jpg
Wed Apr 04 2018 02:48:04 GMT-0500 (CDT) GET /assets/bower_components/font-awesome/fonts/fontawesome-webfont.woff2
Wed Apr 04 2018 02:48:05 GMT-0500 (CDT) GET /favicon.ico
Wed Apr 04 2018 11:21:37 GMT-0500 (CDT) GET /
Wed Apr 04 2018 11:21:39 GMT-0500 (CDT) GET /favicon.ico
Wed Apr 04 2018 11:25:03 GMT-0500 (CDT) GET /
Wed Apr 04 2018 11:25:05 GMT-0500 (CDT) GET /favicon.ico
Wed Apr 04 2018 11:26:04 GMT-0500 (CDT) GET /
Wed Apr 04 2018 11:26:17 GMT-0500 (CDT) GET /favicon.ico
Wed Apr 04 2018 11:26:50 GMT-0500 (CDT) GET /test
Wed Apr 04 2018 11:26:50 GMT-0500 (CDT) GET /assets/bower_components/bootstrap/dist/css/bootstrap.min.css
Wed Apr 04 2018 11:26:50 GMT-0500 (CDT) GET /assets/bower_components/font-awesome/css/font-awesome.min.css
Wed Apr 04 2018 11:26:50 GMT-0500 (CDT) GET /assets/bower_components/Ionicons/css/ionicons.min.css
Wed Apr 04 2018 11:26:50 GMT-0500 (CDT) GET /assets/dist/css/AdminLTE.min.css
Wed Apr 04 2018 11:26:50 GMT-0500 (CDT) GET /assets/dist/css/skins/skin-yellow.min.css
Wed Apr 04 2018 11:26:50 GMT-0500 (CDT) GET /assets/bower_components/jquery/dist/jquery.min.js
Wed Apr 04 2018 11:26:50 GMT-0500 (CDT) GET /assets/bower_components/bootstrap/dist/js/bootstrap.min.js
Wed Apr 04 2018 11:26:50 GMT-0500 (CDT) GET /assets/dist/js/adminlte.min.js
Wed Apr 04 2018 11:26:50 GMT-0500 (CDT) GET /assets/js/scripts.min.js
Wed Apr 04 2018 11:26:50 GMT-0500 (CDT) GET /assets/dist/img/user2-160x160.jpg
Wed Apr 04 2018 11:26:51 GMT-0500 (CDT) GET /assets/bower_components/font-awesome/fonts/fontawesome-webfont.woff2
Wed Apr 04 2018 11:26:53 GMT-0500 (CDT) GET /favicon.ico
Wed Apr 04 2018 11:26:57 GMT-0500 (CDT) GET /
Wed Apr 04 2018 11:27:01 GMT-0500 (CDT) GET /favicon.ico
Wed Apr 04 2018 11:27:14 GMT-0500 (CDT) GET /
Wed Apr 04 2018 11:27:17 GMT-0500 (CDT) GET /assets/bower_components/bootstrap/dist/css/bootstrap.min.css
Wed Apr 04 2018 11:27:17 GMT-0500 (CDT) GET /assets/bower_components/font-awesome/css/font-awesome.min.css
Wed Apr 04 2018 11:27:17 GMT-0500 (CDT) GET /assets/bower_components/Ionicons/css/ionicons.min.css
Wed Apr 04 2018 11:27:17 GMT-0500 (CDT) GET /assets/dist/css/AdminLTE.min.css
Wed Apr 04 2018 11:27:17 GMT-0500 (CDT) GET /assets/dist/css/skins/skin-yellow.min.css
Wed Apr 04 2018 11:27:17 GMT-0500 (CDT) GET /assets/dist/img/user2-160x160.jpg
Wed Apr 04 2018 11:27:17 GMT-0500 (CDT) GET /assets/bower_components/jquery/dist/jquery.min.js
Wed Apr 04 2018 11:27:17 GMT-0500 (CDT) GET /assets/bower_components/bootstrap/dist/js/bootstrap.min.js
Wed Apr 04 2018 11:27:17 GMT-0500 (CDT) GET /assets/dist/js/adminlte.min.js
Wed Apr 04 2018 11:27:17 GMT-0500 (CDT) GET /assets/js/scripts.min.js
Wed Apr 04 2018 11:27:17 GMT-0500 (CDT) GET /assets/bower_components/font-awesome/fonts/fontawesome-webfont.woff2
Wed Apr 04 2018 11:27:19 GMT-0500 (CDT) GET /favicon.ico
